{"/Users/shannonarcher/curved-sky/src/App.vue": {"path":"/Users/shannonarcher/curved-sky/src/App.vue","statementMap":{"0":{"start":{"line":16,"column":0},"end":{"line":null,"column":-1}},"1":{"start":{"line":17,"column":0},"end":{"line":null,"column":-1}},"2":{"start":{"line":18,"column":0},"end":{"line":null,"column":-1}},"3":{"start":{"line":20,"column":0},"end":{"line":null,"column":-1}},"4":{"start":{"line":21,"column":0},"end":{"line":null,"column":-1}},"5":{"start":{"line":22,"column":0},"end":{"line":null,"column":-1}},"6":{"start":{"line":23,"column":0},"end":{"line":null,"column":-1}},"7":{"start":{"line":24,"column":0},"end":{"line":null,"column":-1}},"8":{"start":{"line":25,"column":0},"end":{"line":null,"column":-1}},"9":{"start":{"line":27,"column":0},"end":{"line":null,"column":-1}},"10":{"start":{"line":28,"column":0},"end":{"line":null,"column":-1}},"11":{"start":{"line":29,"column":0},"end":{"line":null,"column":-1}},"12":{"start":{"line":30,"column":0},"end":{"line":null,"column":-1}},"13":{"start":{"line":31,"column":0},"end":{"line":null,"column":-1}},"14":{"start":{"line":32,"column":0},"end":{"line":null,"column":-1}},"15":{"start":{"line":33,"column":0},"end":{"line":null,"column":-1}},"16":{"start":{"line":35,"column":0},"end":{"line":null,"column":-1}},"17":{"start":{"line":36,"column":0},"end":{"line":null,"column":-1}},"18":{"start":{"line":37,"column":0},"end":{"line":null,"column":-1}},"19":{"start":{"line":38,"column":0},"end":{"line":null,"column":-1}},"20":{"start":{"line":39,"column":0},"end":{"line":null,"column":-1}},"21":{"start":{"line":41,"column":0},"end":{"line":null,"column":-1}},"22":{"start":{"line":42,"column":0},"end":{"line":null,"column":-1}},"23":{"start":{"line":62,"column":0},"end":{"line":null,"column":-1}},"24":{"start":{"line":66,"column":0},"end":{"line":null,"column":-1}},"25":{"start":{"line":67,"column":0},"end":{"line":null,"column":-1}}},"fnMap":{},"branchMap":{},"s":{"0":0,"1":0,"2":0,"3":0,"4":0,"5":0,"6":0,"7":0,"8":0,"9":0,"10":0,"11":0,"12":0,"13":0,"14":0,"15":0,"16":0,"17":0,"18":0,"19":0,"20":0,"21":0,"22":0,"23":0,"24":0,"25":0},"f":{},"b":{}}
,"/Users/shannonarcher/curved-sky/src/main.js": {"path":"/Users/shannonarcher/curved-sky/src/main.js","statementMap":{"0":{"start":{"line":1,"column":0},"end":{"line":null,"column":-1}},"1":{"start":{"line":2,"column":0},"end":{"line":null,"column":-1}},"2":{"start":{"line":4,"column":0},"end":{"line":null,"column":-1}},"3":{"start":{"line":6,"column":0},"end":{"line":null,"column":-1}},"4":{"start":{"line":7,"column":15},"end":{"line":7,"column":16}}},"fnMap":{"0":{"name":"(anonymous_0)","decl":{"start":{"line":7,"column":10},"end":{"line":7,"column":11}},"loc":{"start":{"line":7,"column":15},"end":{"line":7,"column":16}}}},"branchMap":{},"s":{"0":0,"1":0,"2":0,"3":0,"4":0},"f":{"0":0},"b":{}}
,"/Users/shannonarcher/curved-sky/src/components/BlogExcerpt.vue": {"path":"/Users/shannonarcher/curved-sky/src/components/BlogExcerpt.vue","statementMap":{"0":{"start":{"line":20,"column":0},"end":{"line":null,"column":-1}},"1":{"start":{"line":21,"column":0},"end":{"line":null,"column":-1}},"2":{"start":{"line":35,"column":0},"end":{"line":null,"column":-1}}},"fnMap":{},"branchMap":{},"s":{"0":0,"1":0,"2":0},"f":{},"b":{}}
,"/Users/shannonarcher/curved-sky/src/components/DateTags.vue": {"path":"/Users/shannonarcher/curved-sky/src/components/DateTags.vue","statementMap":{"0":{"start":{"line":2,"column":0},"end":{"line":null,"column":-1}},"1":{"start":{"line":17,"column":0},"end":{"line":null,"column":-1}}},"fnMap":{},"branchMap":{},"s":{"0":0,"1":0},"f":{},"b":{}}
,"/Users/shannonarcher/curved-sky/src/components/Footer.vue": {"path":"/Users/shannonarcher/curved-sky/src/components/Footer.vue","statementMap":{"0":{"start":{"line":2,"column":0},"end":{"line":null,"column":-1}},"1":{"start":{"line":6,"column":0},"end":{"line":null,"column":-1}}},"fnMap":{},"branchMap":{},"s":{"0":0,"1":0},"f":{},"b":{}}
,"/Users/shannonarcher/curved-sky/src/components/Header.vue": {"path":"/Users/shannonarcher/curved-sky/src/components/Header.vue","statementMap":{"0":{"start":{"line":2,"column":0},"end":{"line":null,"column":-1}},"1":{"start":{"line":6,"column":0},"end":{"line":null,"column":-1}}},"fnMap":{},"branchMap":{},"s":{"0":0,"1":0},"f":{},"b":{}}
,"/Users/shannonarcher/curved-sky/src/components/Sidebar.vue": {"path":"/Users/shannonarcher/curved-sky/src/components/Sidebar.vue","statementMap":{"0":{"start":{"line":57,"column":0},"end":{"line":null,"column":-1}},"1":{"start":{"line":61,"column":0},"end":{"line":null,"column":-1}},"2":{"start":{"line":62,"column":0},"end":{"line":null,"column":-1}}},"fnMap":{},"branchMap":{},"s":{"0":0,"1":0,"2":0},"f":{},"b":{}}
,"/Users/shannonarcher/curved-sky/src/pages/BlogRoll.vue": {"path":"/Users/shannonarcher/curved-sky/src/pages/BlogRoll.vue","statementMap":{"0":{"start":{"line":13,"column":0},"end":{"line":null,"column":-1}},"1":{"start":{"line":14,"column":0},"end":{"line":null,"column":-1}},"2":{"start":{"line":31,"column":0},"end":{"line":null,"column":-1}}},"fnMap":{},"branchMap":{},"s":{"0":0,"1":0,"2":0},"f":{},"b":{}}
,"/Users/shannonarcher/curved-sky/src/pages/Post.vue": {"path":"/Users/shannonarcher/curved-sky/src/pages/Post.vue","statementMap":{"0":{"start":{"line":18,"column":0},"end":{"line":null,"column":-1}},"1":{"start":{"line":19,"column":0},"end":{"line":null,"column":-1}},"2":{"start":{"line":20,"column":0},"end":{"line":null,"column":-1}},"3":{"start":{"line":29,"column":0},"end":{"line":null,"column":-1}},"4":{"start":{"line":32,"column":0},"end":{"line":null,"column":-1}},"5":{"start":{"line":35,"column":0},"end":{"line":37,"column":0}},"6":{"start":{"line":36,"column":0},"end":{"line":null,"column":-1}},"7":{"start":{"line":38,"column":0},"end":{"line":null,"column":-1}},"8":{"start":{"line":45,"column":0},"end":{"line":null,"column":-1}}},"fnMap":{"0":{"name":"(anonymous_1)","decl":{"start":{"line":32,"column":0},"end":{"line":null,"column":-1}},"loc":{"start":{"line":32,"column":0},"end":{"line":null,"column":-1}}}},"branchMap":{"0":{"loc":{"start":{"line":32,"column":0},"end":{"line":null,"column":-1}},"type":"binary-expr","locations":[{"start":{"line":32,"column":0},"end":{"line":null,"column":-1}},{"start":{"line":32,"column":0},"end":{"line":null,"column":-1}}]},"1":{"loc":{"start":{"line":35,"column":0},"end":{"line":37,"column":0}},"type":"if","locations":[{"start":{"line":35,"column":0},"end":{"line":37,"column":0}},{"start":{"line":35,"column":0},"end":{"line":37,"column":0}}]}},"s":{"0":0,"1":0,"2":0,"3":0,"4":0,"5":0,"6":0,"7":0,"8":0},"f":{"0":0},"b":{"0":[0,0],"1":[0,0]}}
,"/Users/shannonarcher/curved-sky/src/services/cms.js": {"path":"/Users/shannonarcher/curved-sky/src/services/cms.js","statementMap":{"0":{"start":{"line":1,"column":0},"end":{"line":null,"column":-1}},"1":{"start":{"line":3,"column":16},"end":{"line":3,"column":0}},"2":{"start":{"line":4,"column":26},"end":{"line":4,"column":0}},"3":{"start":{"line":5,"column":25},"end":{"line":5,"column":0}},"4":{"start":{"line":10,"column":24},"end":{"line":10,"column":6}},"5":{"start":{"line":12,"column":6},"end":{"line":15,"column":7}},"6":{"start":{"line":14,"column":8},"end":{"line":null,"column":-1}},"7":{"start":{"line":14,"column":77},"end":{"line":14,"column":15}},"8":{"start":{"line":17,"column":20},"end":{"line":17,"column":6}},"9":{"start":{"line":18,"column":6},"end":{"line":20,"column":7}},"10":{"start":{"line":19,"column":8},"end":{"line":null,"column":-1}},"11":{"start":{"line":22,"column":6},"end":{"line":9,"column":53}},"12":{"start":{"line":23,"column":8},"end":{"line":null,"column":-1}},"13":{"start":{"line":23,"column":61},"end":{"line":23,"column":44}},"14":{"start":{"line":27,"column":6},"end":{"line":null,"column":-1}},"15":{"start":{"line":27,"column":67},"end":{"line":27,"column":13}},"16":{"start":{"line":32,"column":24},"end":{"line":32,"column":6}},"17":{"start":{"line":33,"column":6},"end":{"line":null,"column":-1}},"18":{"start":{"line":33,"column":57},"end":{"line":33,"column":13}}},"fnMap":{"0":{"name":"(anonymous_0)","decl":{"start":{"line":14,"column":63},"end":{"line":14,"column":64}},"loc":{"start":{"line":14,"column":77},"end":{"line":14,"column":15}}},"1":{"name":"(anonymous_1)","decl":{"start":{"line":23,"column":55},"end":{"line":23,"column":56}},"loc":{"start":{"line":23,"column":61},"end":{"line":23,"column":44}}},"2":{"name":"(anonymous_2)","decl":{"start":{"line":27,"column":53},"end":{"line":27,"column":54}},"loc":{"start":{"line":27,"column":67},"end":{"line":27,"column":13}}},"3":{"name":"(anonymous_3)","decl":{"start":{"line":33,"column":43},"end":{"line":33,"column":44}},"loc":{"start":{"line":33,"column":57},"end":{"line":33,"column":13}}}},"branchMap":{"0":{"loc":{"start":{"line":12,"column":6},"end":{"line":15,"column":7}},"type":"if","locations":[{"start":{"line":12,"column":6},"end":{"line":15,"column":7}},{"start":{"line":12,"column":6},"end":{"line":15,"column":7}}]},"1":{"loc":{"start":{"line":18,"column":6},"end":{"line":20,"column":7}},"type":"if","locations":[{"start":{"line":18,"column":6},"end":{"line":20,"column":7}},{"start":{"line":18,"column":6},"end":{"line":20,"column":7}}]},"2":{"loc":{"start":{"line":22,"column":6},"end":{"line":9,"column":53}},"type":"if","locations":[{"start":{"line":22,"column":6},"end":{"line":9,"column":53}},{"start":{"line":22,"column":6},"end":{"line":9,"column":53}}]},"3":{"loc":{"start":{"line":23,"column":22},"end":{"line":23,"column":21}},"type":"binary-expr","locations":[{"start":{"line":23,"column":22},"end":{"line":23,"column":21}},{"start":{"line":23,"column":38},"end":{"line":23,"column":42}}]}},"s":{"0":0,"1":0,"2":0,"3":0,"4":0,"5":0,"6":0,"7":0,"8":0,"9":0,"10":0,"11":0,"12":0,"13":0,"14":0,"15":0,"16":0,"17":0,"18":0},"f":{"0":0,"1":0,"2":0,"3":0},"b":{"0":[0,0],"1":[0,0],"2":[0,0],"3":[0,0]}}
,"/Users/shannonarcher/curved-sky/src/services/markdown.js": {"path":"/Users/shannonarcher/curved-sky/src/services/markdown.js","statementMap":{"0":{"start":{"line":1,"column":0},"end":{"line":null,"column":-1}},"1":{"start":{"line":2,"column":0},"end":{"line":null,"column":-1}},"2":{"start":{"line":3,"column":0},"end":{"line":null,"column":-1}},"3":{"start":{"line":4,"column":0},"end":{"line":null,"column":-1}},"4":{"start":{"line":6,"column":0},"end":{"line":null,"column":-1}},"5":{"start":{"line":8,"column":0},"end":{"line":null,"column":-1}},"6":{"start":{"line":9,"column":0},"end":{"line":null,"column":-1}},"7":{"start":{"line":11,"column":25},"end":{"line":11,"column":0}},"8":{"start":{"line":13,"column":4},"end":{"line":17,"column":5}},"9":{"start":{"line":14,"column":6},"end":{"line":16,"column":21}},"10":{"start":{"line":15,"column":8},"end":{"line":null,"column":-1}},"11":{"start":{"line":19,"column":4},"end":{"line":null,"column":-1}},"12":{"start":{"line":24,"column":2},"end":{"line":null,"column":-1}}},"fnMap":{"0":{"name":"_default","decl":{"start":{"line":23,"column":15},"end":{"line":23,"column":24}},"loc":{"start":{"line":23,"column":35},"end":{"line":25,"column":1}}}},"branchMap":{"0":{"loc":{"start":{"line":13,"column":4},"end":{"line":17,"column":5}},"type":"if","locations":[{"start":{"line":13,"column":4},"end":{"line":17,"column":5}},{"start":{"line":13,"column":4},"end":{"line":17,"column":5}}]},"1":{"loc":{"start":{"line":13,"column":8},"end":{"line":13,"column":12}},"type":"binary-expr","locations":[{"start":{"line":13,"column":8},"end":{"line":13,"column":12}},{"start":{"line":13,"column":16},"end":{"line":13,"column":4}}]}},"s":{"0":0,"1":0,"2":0,"3":0,"4":0,"5":0,"6":0,"7":0,"8":0,"9":0,"10":0,"11":0,"12":0},"f":{"0":0},"b":{"0":[0,0],"1":[0,0]}}
,"/Users/shannonarcher/curved-sky/src/store/store.js": {"path":"/Users/shannonarcher/curved-sky/src/store/store.js","statementMap":{"0":{"start":{"line":1,"column":0},"end":{"line":null,"column":-1}},"1":{"start":{"line":3,"column":0},"end":{"line":null,"column":-1}},"2":{"start":{"line":4,"column":0},"end":{"line":null,"column":-1}},"3":{"start":{"line":5,"column":0},"end":{"line":null,"column":-1}}},"fnMap":{},"branchMap":{},"s":{"0":0,"1":0,"2":0,"3":0},"f":{},"b":{}}
,"/Users/shannonarcher/curved-sky/src/store/modules/blog.module.js": {"path":"/Users/shannonarcher/curved-sky/src/store/modules/blog.module.js","statementMap":{"0":{"start":{"line":1,"column":0},"end":{"line":null,"column":-1}},"1":{"start":{"line":2,"column":0},"end":{"line":null,"column":-1}},"2":{"start":{"line":3,"column":0},"end":{"line":null,"column":-1}},"3":{"start":{"line":4,"column":0},"end":{"line":null,"column":-1}},"4":{"start":{"line":6,"column":16},"end":{"line":6,"column":0}},"5":{"start":{"line":9,"column":16},"end":{"line":9,"column":2}},"6":{"start":{"line":10,"column":15},"end":{"line":10,"column":2}},"7":{"start":{"line":11,"column":2},"end":{"line":null,"column":-1}},"8":{"start":{"line":32,"column":6},"end":{"line":null,"column":-1}},"9":{"start":{"line":32,"column":42},"end":{"line":32,"column":13}},"10":{"start":{"line":32,"column":75},"end":{"line":32,"column":13}},"11":{"start":{"line":37,"column":23},"end":{"line":37,"column":6}},"12":{"start":{"line":37,"column":49},"end":{"line":37,"column":23}},"13":{"start":{"line":38,"column":6},"end":{"line":40,"column":7}},"14":{"start":{"line":39,"column":8},"end":{"line":null,"column":-1}},"15":{"start":{"line":42,"column":6},"end":{"line":44,"column":7}},"16":{"start":{"line":43,"column":8},"end":{"line":null,"column":-1}},"17":{"start":{"line":46,"column":26},"end":{"line":46,"column":6}},"18":{"start":{"line":46,"column":52},"end":{"line":46,"column":26}},"19":{"start":{"line":48,"column":6},"end":{"line":55,"column":7}},"20":{"start":{"line":49,"column":25},"end":{"line":49,"column":8}},"21":{"start":{"line":50,"column":35},"end":{"line":50,"column":8}},"22":{"start":{"line":51,"column":8},"end":{"line":null,"column":-1}},"23":{"start":{"line":52,"column":37},"end":{"line":52,"column":13}},"24":{"start":{"line":58,"column":24},"end":{"line":57,"column":16}},"25":{"start":{"line":63,"column":33},"end":{"line":63,"column":6}},"26":{"start":{"line":68,"column":6},"end":{"line":null,"column":-1}},"27":{"start":{"line":74,"column":6},"end":{"line":null,"column":-1}}},"fnMap":{"0":{"name":"transformPost","decl":{"start":{"line":8,"column":9},"end":{"line":8,"column":0}},"loc":{"start":{"line":8,"column":29},"end":{"line":23,"column":1}}},"1":{"name":"(anonymous_1)","decl":{"start":{"line":32,"column":37},"end":{"line":32,"column":38}},"loc":{"start":{"line":32,"column":42},"end":{"line":32,"column":13}}},"2":{"name":"(anonymous_2)","decl":{"start":{"line":32,"column":65},"end":{"line":32,"column":66}},"loc":{"start":{"line":32,"column":75},"end":{"line":32,"column":13}}},"3":{"name":"(anonymous_3)","decl":{"start":{"line":37,"column":44},"end":{"line":37,"column":45}},"loc":{"start":{"line":37,"column":49},"end":{"line":37,"column":23}}},"4":{"name":"(anonymous_4)","decl":{"start":{"line":46,"column":47},"end":{"line":46,"column":48}},"loc":{"start":{"line":46,"column":52},"end":{"line":46,"column":26}}},"5":{"name":"(anonymous_5)","decl":{"start":{"line":52,"column":32},"end":{"line":52,"column":33}},"loc":{"start":{"line":52,"column":37},"end":{"line":52,"column":13}}},"6":{"name":"(anonymous_6)","decl":{"start":{"line":58,"column":6},"end":{"line":58,"column":7}},"loc":{"start":{"line":58,"column":24},"end":{"line":57,"column":16}}}},"branchMap":{"0":{"loc":{"start":{"line":15,"column":8},"end":{"line":14,"column":16}},"type":"cond-expr","locations":[{"start":{"line":15,"column":8},"end":{"line":14,"column":16}},{"start":{"line":19,"column":8},"end":{"line":11,"column":9}}]},"1":{"loc":{"start":{"line":20,"column":17},"end":{"line":20,"column":14}},"type":"cond-expr","locations":[{"start":{"line":20,"column":17},"end":{"line":20,"column":14}},{"start":{"line":20,"column":35},"end":{"line":11,"column":9}}]},"2":{"loc":{"start":{"line":32,"column":14},"end":{"line":32,"column":13}},"type":"binary-expr","locations":[{"start":{"line":32,"column":14},"end":{"line":32,"column":13}},{"start":{"line":32,"column":29},"end":{"line":32,"column":13}}]},"3":{"loc":{"start":{"line":38,"column":6},"end":{"line":40,"column":7}},"type":"if","locations":[{"start":{"line":38,"column":6},"end":{"line":40,"column":7}},{"start":{"line":38,"column":6},"end":{"line":40,"column":7}}]},"4":{"loc":{"start":{"line":38,"column":10},"end":{"line":38,"column":18}},"type":"binary-expr","locations":[{"start":{"line":38,"column":10},"end":{"line":38,"column":18}},{"start":{"line":38,"column":22},"end":{"line":38,"column":6}}]},"5":{"loc":{"start":{"line":42,"column":6},"end":{"line":44,"column":7}},"type":"if","locations":[{"start":{"line":42,"column":6},"end":{"line":44,"column":7}},{"start":{"line":42,"column":6},"end":{"line":44,"column":7}}]},"6":{"loc":{"start":{"line":48,"column":6},"end":{"line":55,"column":7}},"type":"if","locations":[{"start":{"line":48,"column":6},"end":{"line":55,"column":7}},{"start":{"line":48,"column":6},"end":{"line":55,"column":7}}]}},"s":{"0":0,"1":0,"2":0,"3":0,"4":0,"5":0,"6":0,"7":0,"8":0,"9":0,"10":0,"11":0,"12":0,"13":0,"14":0,"15":0,"16":0,"17":0,"18":0,"19":0,"20":0,"21":0,"22":0,"23":0,"24":0,"25":0,"26":0,"27":0},"f":{"0":0,"1":0,"2":0,"3":0,"4":0,"5":0,"6":0},"b":{"0":[0,0],"1":[0,0],"2":[0,0],"3":[0,0],"4":[0,0],"5":[0,0],"6":[0,0]}}
,"/Users/shannonarcher/curved-sky/src/store/modules/projects.module.js": {"path":"/Users/shannonarcher/curved-sky/src/store/modules/projects.module.js","statementMap":{"0":{"start":{"line":1,"column":0},"end":{"line":null,"column":-1}},"1":{"start":{"line":2,"column":0},"end":{"line":null,"column":-1}},"2":{"start":{"line":11,"column":6},"end":{"line":null,"column":-1}},"3":{"start":{"line":11,"column":44},"end":{"line":11,"column":39}},"4":{"start":{"line":20,"column":22},"end":{"line":19,"column":16}},"5":{"start":{"line":21,"column":8},"end":{"line":null,"column":-1}},"6":{"start":{"line":30,"column":6},"end":{"line":null,"column":-1}}},"fnMap":{"0":{"name":"(anonymous_0)","decl":{"start":{"line":11,"column":32},"end":{"line":11,"column":38}},"loc":{"start":{"line":11,"column":44},"end":{"line":11,"column":39}}},"1":{"name":"(anonymous_1)","decl":{"start":{"line":20,"column":6},"end":{"line":20,"column":7}},"loc":{"start":{"line":20,"column":22},"end":{"line":19,"column":16}}},"2":{"name":"(anonymous_2)","decl":{"start":{"line":20,"column":79},"end":{"line":20,"column":80}},"loc":{"start":{"line":20,"column":106},"end":{"line":20,"column":22}}}},"branchMap":{},"s":{"0":0,"1":0,"2":0,"3":0,"4":0,"5":0,"6":0},"f":{"0":0,"1":0,"2":0},"b":{}}
,"/Users/shannonarcher/curved-sky/src/store/modules/singletons.module.js": {"path":"/Users/shannonarcher/curved-sky/src/store/modules/singletons.module.js","statementMap":{"0":{"start":{"line":1,"column":0},"end":{"line":null,"column":-1}},"1":{"start":{"line":2,"column":0},"end":{"line":null,"column":-1}},"2":{"start":{"line":3,"column":0},"end":{"line":null,"column":-1}},"3":{"start":{"line":5,"column":16},"end":{"line":5,"column":0}},"4":{"start":{"line":14,"column":26},"end":{"line":14,"column":6}},"5":{"start":{"line":15,"column":6},"end":{"line":20,"column":7}},"6":{"start":{"line":16,"column":8},"end":{"line":null,"column":-1}},"7":{"start":{"line":21,"column":6},"end":{"line":null,"column":-1}},"8":{"start":{"line":26,"column":33},"end":{"line":25,"column":18}},"9":{"start":{"line":27,"column":8},"end":{"line":null,"column":-1}},"10":{"start":{"line":39,"column":6},"end":{"line":null,"column":-1}}},"fnMap":{"0":{"name":"(anonymous_0)","decl":{"start":{"line":26,"column":6},"end":{"line":26,"column":7}},"loc":{"start":{"line":26,"column":33},"end":{"line":25,"column":18}}},"1":{"name":"(anonymous_1)","decl":{"start":{"line":26,"column":68},"end":{"line":26,"column":66}},"loc":{"start":{"line":26,"column":78},"end":{"line":26,"column":33}}}},"branchMap":{"0":{"loc":{"start":{"line":15,"column":6},"end":{"line":20,"column":7}},"type":"if","locations":[{"start":{"line":15,"column":6},"end":{"line":20,"column":7}},{"start":{"line":15,"column":6},"end":{"line":20,"column":7}}]},"1":{"loc":{"start":{"line":18,"column":39},"end":{"line":18,"column":17}},"type":"cond-expr","locations":[{"start":{"line":18,"column":39},"end":{"line":18,"column":17}},{"start":{"line":18,"column":87},"end":{"line":null,"column":-1}}]}},"s":{"0":0,"1":0,"2":0,"3":0,"4":0,"5":0,"6":0,"7":0,"8":0,"9":0,"10":0},"f":{"0":0,"1":0},"b":{"0":[0,0],"1":[0,0]}}
}
