TN:
SF:/Users/shannonarcher/curved-sky/src/App.vue
FNF:0
FNH:0
DA:16,0
DA:17,0
DA:18,0
DA:20,0
DA:21,0
DA:22,0
DA:23,0
DA:24,0
DA:25,0
DA:27,0
DA:28,0
DA:29,0
DA:30,0
DA:31,0
DA:32,0
DA:33,0
DA:35,0
DA:36,0
DA:37,0
DA:38,0
DA:39,0
DA:41,0
DA:42,0
DA:62,0
DA:66,0
DA:67,0
LF:26
LH:0
BRF:0
BRH:0
end_of_record
TN:
SF:/Users/shannonarcher/curved-sky/src/main.js
FN:7,(anonymous_0)
FNF:1
FNH:0
FNDA:0,(anonymous_0)
DA:1,0
DA:2,0
DA:4,0
DA:6,0
DA:7,0
LF:5
LH:0
BRF:0
BRH:0
end_of_record
TN:
SF:/Users/shannonarcher/curved-sky/src/components/BlogExcerpt.vue
FNF:0
FNH:0
DA:20,0
DA:21,0
DA:35,0
LF:3
LH:0
BRF:0
BRH:0
end_of_record
TN:
SF:/Users/shannonarcher/curved-sky/src/components/DateTags.vue
FNF:0
FNH:0
DA:2,0
DA:17,0
LF:2
LH:0
BRF:0
BRH:0
end_of_record
TN:
SF:/Users/shannonarcher/curved-sky/src/components/Footer.vue
FNF:0
FNH:0
DA:2,0
DA:6,0
LF:2
LH:0
BRF:0
BRH:0
end_of_record
TN:
SF:/Users/shannonarcher/curved-sky/src/components/Header.vue
FNF:0
FNH:0
DA:2,0
DA:6,0
LF:2
LH:0
BRF:0
BRH:0
end_of_record
TN:
SF:/Users/shannonarcher/curved-sky/src/components/Sidebar.vue
FNF:0
FNH:0
DA:57,0
DA:61,0
DA:62,0
LF:3
LH:0
BRF:0
BRH:0
end_of_record
TN:
SF:/Users/shannonarcher/curved-sky/src/pages/BlogRoll.vue
FNF:0
FNH:0
DA:13,0
DA:14,0
DA:31,0
LF:3
LH:0
BRF:0
BRH:0
end_of_record
TN:
SF:/Users/shannonarcher/curved-sky/src/pages/Post.vue
FN:32,(anonymous_1)
FNF:1
FNH:0
FNDA:0,(anonymous_1)
DA:18,0
DA:19,0
DA:20,0
DA:29,0
DA:32,0
DA:35,0
DA:36,0
DA:38,0
DA:45,0
LF:9
LH:0
BRDA:32,0,0,0
BRDA:32,0,1,0
BRDA:35,1,0,0
BRDA:35,1,1,0
BRF:4
BRH:0
end_of_record
TN:
SF:/Users/shannonarcher/curved-sky/src/services/cms.js
FN:14,(anonymous_0)
FN:23,(anonymous_1)
FN:27,(anonymous_2)
FN:33,(anonymous_3)
FNF:4
FNH:0
FNDA:0,(anonymous_0)
FNDA:0,(anonymous_1)
FNDA:0,(anonymous_2)
FNDA:0,(anonymous_3)
DA:1,0
DA:3,0
DA:4,0
DA:5,0
DA:10,0
DA:12,0
DA:14,0
DA:17,0
DA:18,0
DA:19,0
DA:22,0
DA:23,0
DA:27,0
DA:32,0
DA:33,0
LF:15
LH:0
BRDA:12,0,0,0
BRDA:12,0,1,0
BRDA:18,1,0,0
BRDA:18,1,1,0
BRDA:22,2,0,0
BRDA:22,2,1,0
BRDA:23,3,0,0
BRDA:23,3,1,0
BRF:8
BRH:0
end_of_record
TN:
SF:/Users/shannonarcher/curved-sky/src/services/markdown.js
FN:23,_default
FNF:1
FNH:0
FNDA:0,_default
DA:1,0
DA:2,0
DA:3,0
DA:4,0
DA:6,0
DA:8,0
DA:9,0
DA:11,0
DA:13,0
DA:14,0
DA:15,0
DA:19,0
DA:24,0
LF:13
LH:0
BRDA:13,0,0,0
BRDA:13,0,1,0
BRDA:13,1,0,0
BRDA:13,1,1,0
BRF:4
BRH:0
end_of_record
TN:
SF:/Users/shannonarcher/curved-sky/src/store/store.js
FNF:0
FNH:0
DA:1,0
DA:3,0
DA:4,0
DA:5,0
LF:4
LH:0
BRF:0
BRH:0
end_of_record
TN:
SF:/Users/shannonarcher/curved-sky/src/store/modules/blog.module.js
FN:8,transformPost
FN:32,(anonymous_1)
FN:32,(anonymous_2)
FN:37,(anonymous_3)
FN:46,(anonymous_4)
FN:52,(anonymous_5)
FN:58,(anonymous_6)
FNF:7
FNH:0
FNDA:0,transformPost
FNDA:0,(anonymous_1)
FNDA:0,(anonymous_2)
FNDA:0,(anonymous_3)
FNDA:0,(anonymous_4)
FNDA:0,(anonymous_5)
FNDA:0,(anonymous_6)
DA:1,0
DA:2,0
DA:3,0
DA:4,0
DA:6,0
DA:9,0
DA:10,0
DA:11,0
DA:32,0
DA:37,0
DA:38,0
DA:39,0
DA:42,0
DA:43,0
DA:46,0
DA:48,0
DA:49,0
DA:50,0
DA:51,0
DA:52,0
DA:58,0
DA:63,0
DA:68,0
DA:74,0
LF:24
LH:0
BRDA:15,0,0,0
BRDA:15,0,1,0
BRDA:20,1,0,0
BRDA:20,1,1,0
BRDA:32,2,0,0
BRDA:32,2,1,0
BRDA:38,3,0,0
BRDA:38,3,1,0
BRDA:38,4,0,0
BRDA:38,4,1,0
BRDA:42,5,0,0
BRDA:42,5,1,0
BRDA:48,6,0,0
BRDA:48,6,1,0
BRF:14
BRH:0
end_of_record
TN:
SF:/Users/shannonarcher/curved-sky/src/store/modules/projects.module.js
FN:11,(anonymous_0)
FN:20,(anonymous_1)
FN:20,(anonymous_2)
FNF:3
FNH:0
FNDA:0,(anonymous_0)
FNDA:0,(anonymous_1)
FNDA:0,(anonymous_2)
DA:1,0
DA:2,0
DA:11,0
DA:20,0
DA:21,0
DA:30,0
LF:6
LH:0
BRF:0
BRH:0
end_of_record
TN:
SF:/Users/shannonarcher/curved-sky/src/store/modules/singletons.module.js
FN:26,(anonymous_0)
FN:26,(anonymous_1)
FNF:2
FNH:0
FNDA:0,(anonymous_0)
FNDA:0,(anonymous_1)
DA:1,0
DA:2,0
DA:3,0
DA:5,0
DA:14,0
DA:15,0
DA:16,0
DA:21,0
DA:26,0
DA:27,0
DA:39,0
LF:11
LH:0
BRDA:15,0,0,0
BRDA:15,0,1,0
BRDA:18,1,0,0
BRDA:18,1,1,0
BRF:4
BRH:0
end_of_record
